[Iteration 0]: Train/NumEpisodes = 267
[Iteration 0]: Train/AverageReturns = -20.355805243445694
[Iteration 0]: Train/AverageStepsPerSecond = 106.88241915691552
[Iteration 0]: Eval/NumEpisodes = 149
[Iteration 0]: Eval/AverageReturns = -20.77181208053691
[Iteration 1]: Train/NumEpisodes = 177
[Iteration 1]: Train/AverageReturns = -19.559322033898304
[Iteration 1]: Train/AverageStepsPerSecond = 85.89268892185291
[Iteration 1]: Eval/NumEpisodes = 63
[Iteration 1]: Eval/AverageReturns = -18.126984126984127
[Iteration 2]: Train/NumEpisodes = 124
[Iteration 2]: Train/AverageReturns = -17.95967741935484
[Iteration 2]: Train/AverageStepsPerSecond = 85.19607422316813
[Iteration 2]: Eval/NumEpisodes = 73
[Iteration 2]: Eval/AverageReturns = -18.232876712328768
[Iteration 3]: Train/NumEpisodes = 99
[Iteration 3]: Train/AverageReturns = -16.88888888888889
[Iteration 3]: Train/AverageStepsPerSecond = 84.86906380140573
[Iteration 3]: Eval/NumEpisodes = 40
[Iteration 3]: Eval/AverageReturns = -15.375
[Iteration 4]: Train/NumEpisodes = 74
[Iteration 4]: Train/AverageReturns = -15.324324324324325
[Iteration 4]: Train/AverageStepsPerSecond = 86.46153660818018
[Iteration 4]: Eval/NumEpisodes = 36
[Iteration 4]: Eval/AverageReturns = -16.416666666666668
[Iteration 5]: Train/NumEpisodes = 69
[Iteration 5]: Train/AverageReturns = -15.304347826086957
[Iteration 5]: Train/AverageStepsPerSecond = 85.96037109075074
[Iteration 5]: Eval/NumEpisodes = 31
[Iteration 5]: Eval/AverageReturns = -14.387096774193548
[Iteration 6]: Train/NumEpisodes = 64
[Iteration 6]: Train/AverageReturns = -14.421875
[Iteration 6]: Train/AverageStepsPerSecond = 86.39935814579036
[Iteration 6]: Eval/NumEpisodes = 32
[Iteration 6]: Eval/AverageReturns = -14.25
[Iteration 7]: Train/NumEpisodes = 60
[Iteration 7]: Train/AverageReturns = -13.683333333333334
[Iteration 7]: Train/AverageStepsPerSecond = 86.14556482645594
[Iteration 7]: Eval/NumEpisodes = 29
[Iteration 7]: Eval/AverageReturns = -13.413793103448276
[Iteration 8]: Train/NumEpisodes = 59
[Iteration 8]: Train/AverageReturns = -13.338983050847459
[Iteration 8]: Train/AverageStepsPerSecond = 86.00503594810509
[Iteration 8]: Eval/NumEpisodes = 25
[Iteration 8]: Eval/AverageReturns = -12.32
[Iteration 9]: Train/NumEpisodes = 54
[Iteration 9]: Train/AverageReturns = -11.592592592592593
[Iteration 9]: Train/AverageStepsPerSecond = 86.0736189798351
[Iteration 9]: Eval/NumEpisodes = 26
[Iteration 9]: Eval/AverageReturns = -10.423076923076923
[Iteration 10]: Train/NumEpisodes = 50
[Iteration 10]: Train/AverageReturns = -11.42
[Iteration 10]: Train/AverageStepsPerSecond = 86.21498227716164
[Iteration 10]: Eval/NumEpisodes = 25
[Iteration 10]: Eval/AverageReturns = -11.0
[Iteration 11]: Train/NumEpisodes = 48
[Iteration 11]: Train/AverageReturns = -10.75
[Iteration 11]: Train/AverageStepsPerSecond = 86.068316095931
[Iteration 11]: Eval/NumEpisodes = 24
[Iteration 11]: Eval/AverageReturns = -10.708333333333334
[Iteration 12]: Train/NumEpisodes = 47
[Iteration 12]: Train/AverageReturns = -6.276595744680851
[Iteration 12]: Train/AverageStepsPerSecond = 86.01072975555137
[Iteration 12]: Eval/NumEpisodes = 23
[Iteration 12]: Eval/AverageReturns = 1.826086956521739
[Iteration 13]: Train/NumEpisodes = 49
[Iteration 13]: Train/AverageReturns = 1.3265306122448979
[Iteration 13]: Train/AverageStepsPerSecond = 86.43816660065207
[Iteration 13]: Eval/NumEpisodes = 31
[Iteration 13]: Eval/AverageReturns = 6.548387096774194
[Iteration 14]: Train/NumEpisodes = 57
[Iteration 14]: Train/AverageReturns = 3.456140350877193
[Iteration 14]: Train/AverageStepsPerSecond = 86.77270463195478
[Iteration 14]: Eval/NumEpisodes = 25
[Iteration 14]: Eval/AverageReturns = 5.36
[Iteration 15]: Train/NumEpisodes = 58
[Iteration 15]: Train/AverageReturns = 5.810344827586207
[Iteration 15]: Train/AverageStepsPerSecond = 86.05437708703957
[Iteration 15]: Eval/NumEpisodes = 35
[Iteration 15]: Eval/AverageReturns = 9.971428571428572
[Iteration 16]: Train/NumEpisodes = 63
[Iteration 16]: Train/AverageReturns = 8.714285714285714
[Iteration 16]: Train/AverageStepsPerSecond = 86.27096171867115
[Iteration 16]: Eval/NumEpisodes = 33
[Iteration 16]: Eval/AverageReturns = 5.636363636363637
[Iteration 17]: Train/NumEpisodes = 63
[Iteration 17]: Train/AverageReturns = 8.476190476190476
[Iteration 17]: Train/AverageStepsPerSecond = 86.46777548739087
[Iteration 17]: Eval/NumEpisodes = 33
[Iteration 17]: Eval/AverageReturns = 10.484848484848484
[Iteration 18]: Train/NumEpisodes = 66
[Iteration 18]: Train/AverageReturns = 11.287878787878787
[Iteration 18]: Train/AverageStepsPerSecond = 86.22791610045185
[Iteration 18]: Eval/NumEpisodes = 34
[Iteration 18]: Eval/AverageReturns = 11.705882352941176
[Iteration 19]: Train/NumEpisodes = 65
[Iteration 19]: Train/AverageReturns = 10.8
[Iteration 19]: Train/AverageStepsPerSecond = 86.59792999899416
[Iteration 19]: Eval/NumEpisodes = 31
[Iteration 19]: Eval/AverageReturns = 10.870967741935484
[Iteration 20]: Train/NumEpisodes = 66
[Iteration 20]: Train/AverageReturns = 10.969696969696969
[Iteration 20]: Train/AverageStepsPerSecond = 86.73341926993973
[Iteration 20]: Eval/NumEpisodes = 33
[Iteration 20]: Eval/AverageReturns = 12.757575757575758
[Iteration 21]: Train/NumEpisodes = 71
[Iteration 21]: Train/AverageReturns = 12.619718309859154
[Iteration 21]: Train/AverageStepsPerSecond = 86.65441693158563
[Iteration 21]: Eval/NumEpisodes = 35
[Iteration 21]: Eval/AverageReturns = 11.971428571428572
[Iteration 22]: Train/NumEpisodes = 71
[Iteration 22]: Train/AverageReturns = 12.901408450704226
[Iteration 22]: Train/AverageStepsPerSecond = 86.82397750120575
[Iteration 22]: Eval/NumEpisodes = 37
[Iteration 22]: Eval/AverageReturns = 15.135135135135135
[Iteration 23]: Train/NumEpisodes = 75
[Iteration 23]: Train/AverageReturns = 14.306666666666667
[Iteration 23]: Train/AverageStepsPerSecond = 86.79023996255266
[Iteration 23]: Eval/NumEpisodes = 35
[Iteration 23]: Eval/AverageReturns = 12.771428571428572
[Iteration 24]: Train/NumEpisodes = 70
[Iteration 24]: Train/AverageReturns = 13.414285714285715
[Iteration 24]: Train/AverageStepsPerSecond = 86.4939089257882
[Iteration 24]: Eval/NumEpisodes = 37
[Iteration 24]: Eval/AverageReturns = 14.594594594594595
[Iteration 25]: Train/NumEpisodes = 74
[Iteration 25]: Train/AverageReturns = 14.445945945945946
[Iteration 25]: Train/AverageStepsPerSecond = 86.66088616254419
[Iteration 25]: Eval/NumEpisodes = 37
[Iteration 25]: Eval/AverageReturns = 14.18918918918919
[Iteration 26]: Train/NumEpisodes = 76
[Iteration 26]: Train/AverageReturns = 14.947368421052632
[Iteration 26]: Train/AverageStepsPerSecond = 86.22079743116458
[Iteration 26]: Eval/NumEpisodes = 39
[Iteration 26]: Eval/AverageReturns = 14.307692307692308
[Iteration 27]: Train/NumEpisodes = 80
[Iteration 27]: Train/AverageReturns = 14.7125
[Iteration 27]: Train/AverageStepsPerSecond = 86.21882317070286
[Iteration 27]: Eval/NumEpisodes = 40
[Iteration 27]: Eval/AverageReturns = 13.4
[Iteration 28]: Train/NumEpisodes = 73
[Iteration 28]: Train/AverageReturns = 12.863013698630137
[Iteration 28]: Train/AverageStepsPerSecond = 86.33911257723011
[Iteration 28]: Eval/NumEpisodes = 38
[Iteration 28]: Eval/AverageReturns = 12.81578947368421
[Iteration 29]: Train/NumEpisodes = 76
[Iteration 29]: Train/AverageReturns = 13.776315789473685
[Iteration 29]: Train/AverageStepsPerSecond = 86.15053420636012
[Iteration 29]: Eval/NumEpisodes = 42
[Iteration 29]: Eval/AverageReturns = 15.238095238095237
[Iteration 30]: Train/NumEpisodes = 79
[Iteration 30]: Train/AverageReturns = 13.708860759493671
[Iteration 30]: Train/AverageStepsPerSecond = 85.93745604555474
[Iteration 30]: Eval/NumEpisodes = 41
[Iteration 30]: Eval/AverageReturns = 14.268292682926829
[Iteration 31]: Train/NumEpisodes = 69
[Iteration 31]: Train/AverageReturns = 12.753623188405797
[Iteration 31]: Train/AverageStepsPerSecond = 86.19087068031602
[Iteration 31]: Eval/NumEpisodes = 30
[Iteration 31]: Eval/AverageReturns = 6.533333333333333
[Iteration 32]: Train/NumEpisodes = 72
[Iteration 32]: Train/AverageReturns = 12.819444444444445
[Iteration 32]: Train/AverageStepsPerSecond = 86.1160547062887
[Iteration 32]: Eval/NumEpisodes = 41
[Iteration 32]: Eval/AverageReturns = 16.048780487804876
[Iteration 33]: Train/NumEpisodes = 71
[Iteration 33]: Train/AverageReturns = 11.95774647887324
[Iteration 33]: Train/AverageStepsPerSecond = 86.1035278435096
[Iteration 33]: Eval/NumEpisodes = 43
[Iteration 33]: Eval/AverageReturns = 15.44186046511628
[Iteration 34]: Train/NumEpisodes = 75
[Iteration 34]: Train/AverageReturns = 12.52
[Iteration 34]: Train/AverageStepsPerSecond = 86.78780350536184
[Iteration 34]: Eval/NumEpisodes = 34
[Iteration 34]: Eval/AverageReturns = 11.735294117647058
[Iteration 35]: Train/NumEpisodes = 70
[Iteration 35]: Train/AverageReturns = 11.357142857142858
[Iteration 35]: Train/AverageStepsPerSecond = 86.09677188224747
[Iteration 35]: Eval/NumEpisodes = 32
[Iteration 35]: Eval/AverageReturns = 6.15625
[Iteration 36]: Train/NumEpisodes = 72
[Iteration 36]: Train/AverageReturns = 12.180555555555555
[Iteration 36]: Train/AverageStepsPerSecond = 86.64322374473049
[Iteration 36]: Eval/NumEpisodes = 33
[Iteration 36]: Eval/AverageReturns = 11.363636363636363
[Iteration 37]: Train/NumEpisodes = 68
[Iteration 37]: Train/AverageReturns = 11.426470588235293
[Iteration 37]: Train/AverageStepsPerSecond = 86.4571939647553
[Iteration 37]: Eval/NumEpisodes = 33
[Iteration 37]: Eval/AverageReturns = 7.878787878787879
[Iteration 38]: Train/NumEpisodes = 70
[Iteration 38]: Train/AverageReturns = 11.985714285714286
[Iteration 38]: Train/AverageStepsPerSecond = 86.35451921456014
[Iteration 38]: Eval/NumEpisodes = 30
[Iteration 38]: Eval/AverageReturns = 9.4
[Iteration 39]: Train/NumEpisodes = 72
[Iteration 39]: Train/AverageReturns = 13.069444444444445
[Iteration 39]: Train/AverageStepsPerSecond = 86.49327006297888
[Iteration 39]: Eval/NumEpisodes = 41
[Iteration 39]: Eval/AverageReturns = 16.73170731707317
[Iteration 40]: Train/NumEpisodes = 73
[Iteration 40]: Train/AverageReturns = 12.58904109589041
[Iteration 40]: Train/AverageStepsPerSecond = 86.37316681226088
[Iteration 40]: Eval/NumEpisodes = 31
[Iteration 40]: Eval/AverageReturns = 9.935483870967742
[Iteration 41]: Train/NumEpisodes = 73
[Iteration 41]: Train/AverageReturns = 13.315068493150685
[Iteration 41]: Train/AverageStepsPerSecond = 86.46823792288357
[Iteration 41]: Eval/NumEpisodes = 32
[Iteration 41]: Eval/AverageReturns = 10.8125
[Iteration 42]: Train/NumEpisodes = 74
[Iteration 42]: Train/AverageReturns = 13.662162162162161
[Iteration 42]: Train/AverageStepsPerSecond = 86.84558252493464
[Iteration 42]: Eval/NumEpisodes = 43
[Iteration 42]: Eval/AverageReturns = 17.46511627906977
[Iteration 43]: Train/NumEpisodes = 79
[Iteration 43]: Train/AverageReturns = 13.79746835443038
[Iteration 43]: Train/AverageStepsPerSecond = 86.59162938741522
[Iteration 43]: Eval/NumEpisodes = 46
[Iteration 43]: Eval/AverageReturns = 17.32608695652174
[Iteration 44]: Train/NumEpisodes = 84
[Iteration 44]: Train/AverageReturns = 14.297619047619047
[Iteration 44]: Train/AverageStepsPerSecond = 85.9086070630181
[Iteration 44]: Eval/NumEpisodes = 44
[Iteration 44]: Eval/AverageReturns = 16.636363636363637
[Iteration 45]: Train/NumEpisodes = 80
[Iteration 45]: Train/AverageReturns = 13.7375
[Iteration 45]: Train/AverageStepsPerSecond = 86.45032865514034
[Iteration 45]: Eval/NumEpisodes = 42
[Iteration 45]: Eval/AverageReturns = 11.380952380952381
[Iteration 46]: Train/NumEpisodes = 83
[Iteration 46]: Train/AverageReturns = 13.963855421686747
[Iteration 46]: Train/AverageStepsPerSecond = 86.7212761369256
[Iteration 46]: Eval/NumEpisodes = 48
[Iteration 46]: Eval/AverageReturns = 17.354166666666668
[Iteration 47]: Train/NumEpisodes = 84
[Iteration 47]: Train/AverageReturns = 13.821428571428571
[Iteration 47]: Train/AverageStepsPerSecond = 87.14127235055722
[Iteration 47]: Eval/NumEpisodes = 50
[Iteration 47]: Eval/AverageReturns = 17.86
[Iteration 48]: Train/NumEpisodes = 84
[Iteration 48]: Train/AverageReturns = 13.928571428571429
[Iteration 48]: Train/AverageStepsPerSecond = 87.0344803808367
[Iteration 48]: Eval/NumEpisodes = 43
[Iteration 48]: Eval/AverageReturns = 14.279069767441861
[Iteration 49]: Train/NumEpisodes = 87
[Iteration 49]: Train/AverageReturns = 14.931034482758621
[Iteration 49]: Train/AverageStepsPerSecond = 86.53163275295232
[Iteration 49]: Eval/NumEpisodes = 43
[Iteration 49]: Eval/AverageReturns = 14.069767441860465
[Iteration 50]: Train/NumEpisodes = 84
[Iteration 50]: Train/AverageReturns = 14.25
[Iteration 50]: Train/AverageStepsPerSecond = 86.56732710965063
[Iteration 50]: Eval/NumEpisodes = 49
[Iteration 50]: Eval/AverageReturns = 17.979591836734695
[Iteration 51]: Train/NumEpisodes = 84
[Iteration 51]: Train/AverageReturns = 14.75
[Iteration 51]: Train/AverageStepsPerSecond = 86.30444606963604
[Iteration 51]: Eval/NumEpisodes = 47
[Iteration 51]: Eval/AverageReturns = 16.80851063829787
[Iteration 52]: Train/NumEpisodes = 86
[Iteration 52]: Train/AverageReturns = 14.337209302325581
[Iteration 52]: Train/AverageStepsPerSecond = 86.4325397807816
[Iteration 52]: Eval/NumEpisodes = 41
[Iteration 52]: Eval/AverageReturns = 12.658536585365853
[Iteration 53]: Train/NumEpisodes = 90
[Iteration 53]: Train/AverageReturns = 15.333333333333334
[Iteration 53]: Train/AverageStepsPerSecond = 86.24827876077612
[Iteration 53]: Eval/NumEpisodes = 52
[Iteration 53]: Eval/AverageReturns = 17.903846153846153
[Iteration 54]: Train/NumEpisodes = 92
[Iteration 54]: Train/AverageReturns = 15.41304347826087
[Iteration 54]: Train/AverageStepsPerSecond = 85.89275847102319
[Iteration 54]: Eval/NumEpisodes = 48
[Iteration 54]: Eval/AverageReturns = 16.979166666666668
[Iteration 55]: Train/NumEpisodes = 90
[Iteration 55]: Train/AverageReturns = 14.866666666666667
[Iteration 55]: Train/AverageStepsPerSecond = 86.49220640603168
[Iteration 55]: Eval/NumEpisodes = 51
[Iteration 55]: Eval/AverageReturns = 16.470588235294116
[Iteration 56]: Train/NumEpisodes = 90
[Iteration 56]: Train/AverageReturns = 14.633333333333333
[Iteration 56]: Train/AverageStepsPerSecond = 86.59540075822316
[Iteration 56]: Eval/NumEpisodes = 46
[Iteration 56]: Eval/AverageReturns = 13.91304347826087
[Iteration 57]: Train/NumEpisodes = 92
[Iteration 57]: Train/AverageReturns = 15.097826086956522
[Iteration 57]: Train/AverageStepsPerSecond = 86.45674312537344
[Iteration 57]: Eval/NumEpisodes = 51
[Iteration 57]: Eval/AverageReturns = 18.098039215686274
[Iteration 58]: Train/NumEpisodes = 90
[Iteration 58]: Train/AverageReturns = 15.4
[Iteration 58]: Train/AverageStepsPerSecond = 86.25685379555517
[Iteration 58]: Eval/NumEpisodes = 44
[Iteration 58]: Eval/AverageReturns = 15.409090909090908
[Iteration 59]: Train/NumEpisodes = 88
[Iteration 59]: Train/AverageReturns = 15.386363636363637
[Iteration 59]: Train/AverageStepsPerSecond = 86.33020403231629
[Iteration 59]: Eval/NumEpisodes = 42
[Iteration 59]: Eval/AverageReturns = 11.452380952380953
[Iteration 60]: Train/NumEpisodes = 93
[Iteration 60]: Train/AverageReturns = 16.021505376344088
[Iteration 60]: Train/AverageStepsPerSecond = 86.22908051664676
[Iteration 60]: Eval/NumEpisodes = 48
[Iteration 60]: Eval/AverageReturns = 16.1875
[Iteration 61]: Train/NumEpisodes = 95
[Iteration 61]: Train/AverageReturns = 16.073684210526316
[Iteration 61]: Train/AverageStepsPerSecond = 86.18564025245048
[Iteration 61]: Eval/NumEpisodes = 51
[Iteration 61]: Eval/AverageReturns = 18.03921568627451
[Iteration 62]: Train/NumEpisodes = 95
[Iteration 62]: Train/AverageReturns = 15.968421052631578
[Iteration 62]: Train/AverageStepsPerSecond = 86.32269563825653
[Iteration 62]: Eval/NumEpisodes = 48
[Iteration 62]: Eval/AverageReturns = 16.145833333333332
[Iteration 63]: Train/NumEpisodes = 93
[Iteration 63]: Train/AverageReturns = 15.53763440860215
[Iteration 63]: Train/AverageStepsPerSecond = 85.03310619650178
[Iteration 63]: Eval/NumEpisodes = 49
[Iteration 63]: Eval/AverageReturns = 16.877551020408163
[Iteration 64]: Train/NumEpisodes = 93
[Iteration 64]: Train/AverageReturns = 15.881720430107526
[Iteration 64]: Train/AverageStepsPerSecond = 86.82296623525535
[Iteration 64]: Eval/NumEpisodes = 44
[Iteration 64]: Eval/AverageReturns = 13.704545454545455
[Iteration 65]: Train/NumEpisodes = 93
[Iteration 65]: Train/AverageReturns = 15.53763440860215
[Iteration 65]: Train/AverageStepsPerSecond = 86.7468854242689
[Iteration 65]: Eval/NumEpisodes = 51
[Iteration 65]: Eval/AverageReturns = 16.80392156862745
[Iteration 66]: Train/NumEpisodes = 92
[Iteration 66]: Train/AverageReturns = 15.793478260869565
[Iteration 66]: Train/AverageStepsPerSecond = 86.78253313518235
[Iteration 66]: Eval/NumEpisodes = 48
[Iteration 66]: Eval/AverageReturns = 16.5625
[Iteration 67]: Train/NumEpisodes = 94
[Iteration 67]: Train/AverageReturns = 16.30851063829787
[Iteration 67]: Train/AverageStepsPerSecond = 86.49283818695473
[Iteration 67]: Eval/NumEpisodes = 46
[Iteration 67]: Eval/AverageReturns = 16.891304347826086
[Iteration 68]: Train/NumEpisodes = 94
[Iteration 68]: Train/AverageReturns = 14.138297872340425
[Iteration 68]: Train/AverageStepsPerSecond = 86.65162600289842
[Iteration 68]: Eval/NumEpisodes = 45
[Iteration 68]: Eval/AverageReturns = 15.822222222222223
[Iteration 69]: Train/NumEpisodes = 93
[Iteration 69]: Train/AverageReturns = 14.903225806451612
[Iteration 69]: Train/AverageStepsPerSecond = 86.482270890672
[Iteration 69]: Eval/NumEpisodes = 51
[Iteration 69]: Eval/AverageReturns = 17.45098039215686
[Iteration 70]: Train/NumEpisodes = 94
[Iteration 70]: Train/AverageReturns = 15.542553191489361
[Iteration 70]: Train/AverageStepsPerSecond = 86.33151580679899
[Iteration 70]: Eval/NumEpisodes = 45
[Iteration 70]: Eval/AverageReturns = 13.977777777777778
[Iteration 71]: Train/NumEpisodes = 94
[Iteration 71]: Train/AverageReturns = 15.563829787234043
[Iteration 71]: Train/AverageStepsPerSecond = 84.45623816281841
[Iteration 71]: Eval/NumEpisodes = 48
[Iteration 71]: Eval/AverageReturns = 17.270833333333332
[Iteration 72]: Train/NumEpisodes = 95
[Iteration 72]: Train/AverageReturns = 15.663157894736843
[Iteration 72]: Train/AverageStepsPerSecond = 83.50996303031411
[Iteration 72]: Eval/NumEpisodes = 50
[Iteration 72]: Eval/AverageReturns = 16.9
[Iteration 73]: Train/NumEpisodes = 95
[Iteration 73]: Train/AverageReturns = 15.326315789473684
[Iteration 73]: Train/AverageStepsPerSecond = 83.68303084880033
[Iteration 73]: Eval/NumEpisodes = 45
[Iteration 73]: Eval/AverageReturns = 14.933333333333334
[Iteration 74]: Train/NumEpisodes = 93
[Iteration 74]: Train/AverageReturns = 15.720430107526882
[Iteration 74]: Train/AverageStepsPerSecond = 84.45770402894578
[Iteration 74]: Eval/NumEpisodes = 53
[Iteration 74]: Eval/AverageReturns = 17.90566037735849
[Iteration 75]: Train/NumEpisodes = 95
[Iteration 75]: Train/AverageReturns = 15.51578947368421
[Iteration 75]: Train/AverageStepsPerSecond = 83.75137997561977
[Iteration 75]: Eval/NumEpisodes = 50
[Iteration 75]: Eval/AverageReturns = 17.04
[Iteration 76]: Train/NumEpisodes = 93
[Iteration 76]: Train/AverageReturns = 15.67741935483871
[Iteration 76]: Train/AverageStepsPerSecond = 83.9392879107288
[Iteration 76]: Eval/NumEpisodes = 50
[Iteration 76]: Eval/AverageReturns = 16.74
[Iteration 77]: Train/NumEpisodes = 92
[Iteration 77]: Train/AverageReturns = 15.23913043478261
[Iteration 77]: Train/AverageStepsPerSecond = 83.61989568769809
[Iteration 77]: Eval/NumEpisodes = 51
[Iteration 77]: Eval/AverageReturns = 16.941176470588236
[Iteration 78]: Train/NumEpisodes = 94
[Iteration 78]: Train/AverageReturns = 15.680851063829786
[Iteration 78]: Train/AverageStepsPerSecond = 83.39128456324059
[Iteration 78]: Eval/NumEpisodes = 48
[Iteration 78]: Eval/AverageReturns = 14.541666666666666
[Iteration 79]: Train/NumEpisodes = 91
[Iteration 79]: Train/AverageReturns = 13.098901098901099
[Iteration 79]: Train/AverageStepsPerSecond = 83.76142377306047
[Iteration 79]: Eval/NumEpisodes = 48
[Iteration 79]: Eval/AverageReturns = 13.145833333333334
[Iteration 80]: Train/NumEpisodes = 91
[Iteration 80]: Train/AverageReturns = 13.615384615384615
[Iteration 80]: Train/AverageStepsPerSecond = 83.83488184273432
[Iteration 80]: Eval/NumEpisodes = 49
[Iteration 80]: Eval/AverageReturns = 14.183673469387756
[Iteration 81]: Train/NumEpisodes = 93
[Iteration 81]: Train/AverageReturns = 14.548387096774194
[Iteration 81]: Train/AverageStepsPerSecond = 83.66091019696862
[Iteration 81]: Eval/NumEpisodes = 46
[Iteration 81]: Eval/AverageReturns = 15.565217391304348
[Iteration 82]: Train/NumEpisodes = 94
[Iteration 82]: Train/AverageReturns = 15.138297872340425
[Iteration 82]: Train/AverageStepsPerSecond = 82.93477165346043
[Iteration 82]: Eval/NumEpisodes = 45
[Iteration 82]: Eval/AverageReturns = 12.666666666666666
[Iteration 83]: Train/NumEpisodes = 93
[Iteration 83]: Train/AverageReturns = 15.064516129032258
[Iteration 83]: Train/AverageStepsPerSecond = 83.65417124703843
[Iteration 83]: Eval/NumEpisodes = 49
[Iteration 83]: Eval/AverageReturns = 14.571428571428571
[Iteration 84]: Train/NumEpisodes = 95
[Iteration 84]: Train/AverageReturns = 14.989473684210527
[Iteration 84]: Train/AverageStepsPerSecond = 83.55751053341618
[Iteration 84]: Eval/NumEpisodes = 53
[Iteration 84]: Eval/AverageReturns = 16.830188679245282
[Iteration 85]: Train/NumEpisodes = 101
[Iteration 85]: Train/AverageReturns = 15.910891089108912
[Iteration 85]: Train/AverageStepsPerSecond = 83.95014027030022
[Iteration 85]: Eval/NumEpisodes = 53
[Iteration 85]: Eval/AverageReturns = 16.60377358490566
[Iteration 86]: Train/NumEpisodes = 104
[Iteration 86]: Train/AverageReturns = 15.461538461538462
[Iteration 86]: Train/AverageStepsPerSecond = 84.00909874972557
[Iteration 86]: Eval/NumEpisodes = 51
[Iteration 86]: Eval/AverageReturns = 17.862745098039216
[Iteration 87]: Train/NumEpisodes = 104
[Iteration 87]: Train/AverageReturns = 15.951923076923077
[Iteration 87]: Train/AverageStepsPerSecond = 83.83790195115269
[Iteration 87]: Eval/NumEpisodes = 55
[Iteration 87]: Eval/AverageReturns = 17.836363636363636
[Iteration 88]: Train/NumEpisodes = 104
[Iteration 88]: Train/AverageReturns = 16.346153846153847
[Iteration 88]: Train/AverageStepsPerSecond = 83.84423017399057
[Iteration 88]: Eval/NumEpisodes = 56
[Iteration 88]: Eval/AverageReturns = 17.642857142857142
[Iteration 89]: Train/NumEpisodes = 104
[Iteration 89]: Train/AverageReturns = 16.509615384615383
[Iteration 89]: Train/AverageStepsPerSecond = 83.42795091144222
[Iteration 89]: Eval/NumEpisodes = 39
[Iteration 89]: Eval/AverageReturns = 14.41025641025641
[Iteration 90]: Train/NumEpisodes = 102
[Iteration 90]: Train/AverageReturns = 16.019607843137255
[Iteration 90]: Train/AverageStepsPerSecond = 83.55525232275866
[Iteration 90]: Eval/NumEpisodes = 56
[Iteration 90]: Eval/AverageReturns = 17.321428571428573
[Iteration 91]: Train/NumEpisodes = 104
[Iteration 91]: Train/AverageReturns = 16.625
[Iteration 91]: Train/AverageStepsPerSecond = 83.0881888119356
[Iteration 91]: Eval/NumEpisodes = 57
[Iteration 91]: Eval/AverageReturns = 17.736842105263158
[Iteration 92]: Train/NumEpisodes = 102
[Iteration 92]: Train/AverageReturns = 16.58823529411765
[Iteration 92]: Train/AverageStepsPerSecond = 83.93446156482842
[Iteration 92]: Eval/NumEpisodes = 53
[Iteration 92]: Eval/AverageReturns = 16.962264150943398
[Iteration 93]: Train/NumEpisodes = 102
[Iteration 93]: Train/AverageReturns = 16.38235294117647
[Iteration 93]: Train/AverageStepsPerSecond = 83.66492033763566
[Iteration 93]: Eval/NumEpisodes = 55
[Iteration 93]: Eval/AverageReturns = 16.963636363636365
[Iteration 94]: Train/NumEpisodes = 103
[Iteration 94]: Train/AverageReturns = 16.368932038834952
[Iteration 94]: Train/AverageStepsPerSecond = 83.51999117832122
[Iteration 94]: Eval/NumEpisodes = 56
[Iteration 94]: Eval/AverageReturns = 17.107142857142858
[Iteration 95]: Train/NumEpisodes = 102
[Iteration 95]: Train/AverageReturns = 16.58823529411765
[Iteration 95]: Train/AverageStepsPerSecond = 84.12297092132984
[Iteration 95]: Eval/NumEpisodes = 52
[Iteration 95]: Eval/AverageReturns = 17.173076923076923
[Iteration 96]: Train/NumEpisodes = 98
[Iteration 96]: Train/AverageReturns = 16.1734693877551
[Iteration 96]: Train/AverageStepsPerSecond = 83.76182106790208
[Iteration 96]: Eval/NumEpisodes = 57
[Iteration 96]: Eval/AverageReturns = 18.614035087719298
[Iteration 97]: Train/NumEpisodes = 98
[Iteration 97]: Train/AverageReturns = 15.571428571428571
[Iteration 97]: Train/AverageStepsPerSecond = 83.66309695834933
[Iteration 97]: Eval/NumEpisodes = 57
[Iteration 97]: Eval/AverageReturns = 17.736842105263158
[Iteration 98]: Train/NumEpisodes = 100
[Iteration 98]: Train/AverageReturns = 15.21
[Iteration 98]: Train/AverageStepsPerSecond = 83.47148609592638
[Iteration 98]: Eval/NumEpisodes = 52
[Iteration 98]: Eval/AverageReturns = 14.26923076923077
[Iteration 99]: Train/NumEpisodes = 98
[Iteration 99]: Train/AverageReturns = 15.653061224489797
[Iteration 99]: Train/AverageStepsPerSecond = 83.46362115043506
[Iteration 99]: Eval/NumEpisodes = 41
[Iteration 99]: Eval/AverageReturns = 12.439024390243903
[Iteration 100]: Train/NumEpisodes = 102
[Iteration 100]: Train/AverageReturns = 15.980392156862745
[Iteration 100]: Train/AverageStepsPerSecond = 83.06566907277669
[Iteration 100]: Eval/NumEpisodes = 53
[Iteration 100]: Eval/AverageReturns = 17.528301886792452
[Iteration 101]: Train/NumEpisodes = 102
[Iteration 101]: Train/AverageReturns = 16.147058823529413
[Iteration 101]: Train/AverageStepsPerSecond = 83.34631207224272
[Iteration 101]: Eval/NumEpisodes = 49
[Iteration 101]: Eval/AverageReturns = 16.857142857142858
[Iteration 102]: Train/NumEpisodes = 99
[Iteration 102]: Train/AverageReturns = 15.828282828282829
[Iteration 102]: Train/AverageStepsPerSecond = 83.74602889817997
[Iteration 102]: Eval/NumEpisodes = 56
[Iteration 102]: Eval/AverageReturns = 17.25
[Iteration 103]: Train/NumEpisodes = 106
[Iteration 103]: Train/AverageReturns = 16.849056603773583
[Iteration 103]: Train/AverageStepsPerSecond = 83.63679132728423
[Iteration 103]: Eval/NumEpisodes = 55
[Iteration 103]: Eval/AverageReturns = 17.545454545454547
[Iteration 104]: Train/NumEpisodes = 104
[Iteration 104]: Train/AverageReturns = 16.692307692307693
[Iteration 104]: Train/AverageStepsPerSecond = 83.70987177153994
[Iteration 104]: Eval/NumEpisodes = 55
[Iteration 104]: Eval/AverageReturns = 15.418181818181818
[Iteration 105]: Train/NumEpisodes = 104
[Iteration 105]: Train/AverageReturns = 16.653846153846153
[Iteration 105]: Train/AverageStepsPerSecond = 83.35561566197389
[Iteration 105]: Eval/NumEpisodes = 57
[Iteration 105]: Eval/AverageReturns = 18.912280701754387
[Iteration 106]: Train/NumEpisodes = 107
[Iteration 106]: Train/AverageReturns = 16.747663551401867
[Iteration 106]: Train/AverageStepsPerSecond = 83.69818211902209
[Iteration 106]: Eval/NumEpisodes = 47
[Iteration 106]: Eval/AverageReturns = 10.085106382978724
[Iteration 107]: Train/NumEpisodes = 104
[Iteration 107]: Train/AverageReturns = 16.567307692307693
[Iteration 107]: Train/AverageStepsPerSecond = 83.38945526006505
[Iteration 107]: Eval/NumEpisodes = 55
[Iteration 107]: Eval/AverageReturns = 17.472727272727273
[Iteration 108]: Train/NumEpisodes = 106
[Iteration 108]: Train/AverageReturns = 16.92452830188679
[Iteration 108]: Train/AverageStepsPerSecond = 83.69241150311662
[Iteration 108]: Eval/NumEpisodes = 57
[Iteration 108]: Eval/AverageReturns = 18.82456140350877
[Iteration 109]: Train/NumEpisodes = 103
[Iteration 109]: Train/AverageReturns = 16.9126213592233
[Iteration 109]: Train/AverageStepsPerSecond = 83.58763728847052
[Iteration 109]: Eval/NumEpisodes = 55
[Iteration 109]: Eval/AverageReturns = 18.163636363636364
[Iteration 110]: Train/NumEpisodes = 106
[Iteration 110]: Train/AverageReturns = 17.12264150943396
[Iteration 110]: Train/AverageStepsPerSecond = 83.71948868862289
[Iteration 110]: Eval/NumEpisodes = 55
[Iteration 110]: Eval/AverageReturns = 17.381818181818183
[Iteration 111]: Train/NumEpisodes = 109
[Iteration 111]: Train/AverageReturns = 17.61467889908257
[Iteration 111]: Train/AverageStepsPerSecond = 83.60522815266242
[Iteration 111]: Eval/NumEpisodes = 60
[Iteration 111]: Eval/AverageReturns = 18.95
[Iteration 112]: Train/NumEpisodes = 109
[Iteration 112]: Train/AverageReturns = 17.577981651376145
[Iteration 112]: Train/AverageStepsPerSecond = 84.05829812847324
[Iteration 112]: Eval/NumEpisodes = 57
[Iteration 112]: Eval/AverageReturns = 18.45614035087719
[Iteration 113]: Train/NumEpisodes = 106
[Iteration 113]: Train/AverageReturns = 16.69811320754717
[Iteration 113]: Train/AverageStepsPerSecond = 83.92299225294687
[Iteration 113]: Eval/NumEpisodes = 48
[Iteration 113]: Eval/AverageReturns = 15.729166666666666
[Iteration 114]: Train/NumEpisodes = 105
[Iteration 114]: Train/AverageReturns = 16.876190476190477
[Iteration 114]: Train/AverageStepsPerSecond = 83.94824728052022
[Iteration 114]: Eval/NumEpisodes = 61
[Iteration 114]: Eval/AverageReturns = 19.311475409836067
[Iteration 115]: Train/NumEpisodes = 107
[Iteration 115]: Train/AverageReturns = 17.22429906542056
[Iteration 115]: Train/AverageStepsPerSecond = 83.60364327768556
[Iteration 115]: Eval/NumEpisodes = 52
[Iteration 115]: Eval/AverageReturns = 18.096153846153847
[Iteration 116]: Train/NumEpisodes = 105
[Iteration 116]: Train/AverageReturns = 16.695238095238096
[Iteration 116]: Train/AverageStepsPerSecond = 83.64769618852453
[Iteration 116]: Eval/NumEpisodes = 48
[Iteration 116]: Eval/AverageReturns = 15.6875
[Iteration 117]: Train/NumEpisodes = 106
[Iteration 117]: Train/AverageReturns = 16.90566037735849
[Iteration 117]: Train/AverageStepsPerSecond = 82.94550069635112
[Iteration 117]: Eval/NumEpisodes = 55
[Iteration 117]: Eval/AverageReturns = 17.545454545454547
[Iteration 118]: Train/NumEpisodes = 105
[Iteration 118]: Train/AverageReturns = 15.571428571428571
[Iteration 118]: Train/AverageStepsPerSecond = 83.49124678232644
[Iteration 118]: Eval/NumEpisodes = 54
[Iteration 118]: Eval/AverageReturns = 18.24074074074074
[Iteration 119]: Train/NumEpisodes = 105
[Iteration 119]: Train/AverageReturns = 16.771428571428572
[Iteration 119]: Train/AverageStepsPerSecond = 83.57713783346433
[Iteration 119]: Eval/NumEpisodes = 55
[Iteration 119]: Eval/AverageReturns = 16.363636363636363
[Iteration 120]: Train/NumEpisodes = 105
[Iteration 120]: Train/AverageReturns = 16.847619047619048
[Iteration 120]: Train/AverageStepsPerSecond = 83.27115479455433
[Iteration 120]: Eval/NumEpisodes = 51
[Iteration 120]: Eval/AverageReturns = 15.607843137254902
[Iteration 121]: Train/NumEpisodes = 103
[Iteration 121]: Train/AverageReturns = 16.514563106796118
[Iteration 121]: Train/AverageStepsPerSecond = 83.33275114825472
[Iteration 121]: Eval/NumEpisodes = 51
[Iteration 121]: Eval/AverageReturns = 17.705882352941178
[Iteration 122]: Train/NumEpisodes = 107
[Iteration 122]: Train/AverageReturns = 17.289719626168225
[Iteration 122]: Train/AverageStepsPerSecond = 83.57668407687248
[Iteration 122]: Eval/NumEpisodes = 55
[Iteration 122]: Eval/AverageReturns = 18.4
[Iteration 123]: Train/NumEpisodes = 104
[Iteration 123]: Train/AverageReturns = 16.76923076923077
[Iteration 123]: Train/AverageStepsPerSecond = 83.15331306775899
[Iteration 123]: Eval/NumEpisodes = 58
[Iteration 123]: Eval/AverageReturns = 18.224137931034484
[Iteration 124]: Train/NumEpisodes = 110
[Iteration 124]: Train/AverageReturns = 17.736363636363638
[Iteration 124]: Train/AverageStepsPerSecond = 83.37596232390389
[Iteration 124]: Eval/NumEpisodes = 54
[Iteration 124]: Eval/AverageReturns = 17.88888888888889
[Iteration 125]: Train/NumEpisodes = 107
[Iteration 125]: Train/AverageReturns = 16.747663551401867
[Iteration 125]: Train/AverageStepsPerSecond = 83.04255288630084
[Iteration 125]: Eval/NumEpisodes = 56
[Iteration 125]: Eval/AverageReturns = 17.107142857142858
[Iteration 126]: Train/NumEpisodes = 109
[Iteration 126]: Train/AverageReturns = 17.0
[Iteration 126]: Train/AverageStepsPerSecond = 84.49718182541051
[Iteration 126]: Eval/NumEpisodes = 64
[Iteration 126]: Eval/AverageReturns = 18.78125
[Iteration 127]: Train/NumEpisodes = 110
[Iteration 127]: Train/AverageReturns = 17.036363636363635
[Iteration 127]: Train/AverageStepsPerSecond = 83.86319272772981
[Iteration 127]: Eval/NumEpisodes = 62
[Iteration 127]: Eval/AverageReturns = 18.370967741935484
[Iteration 128]: Train/NumEpisodes = 112
[Iteration 128]: Train/AverageReturns = 17.553571428571427
[Iteration 128]: Train/AverageStepsPerSecond = 84.16415828011723
[Iteration 128]: Eval/NumEpisodes = 58
[Iteration 128]: Eval/AverageReturns = 18.06896551724138
[Iteration 129]: Train/NumEpisodes = 108
[Iteration 129]: Train/AverageReturns = 16.74074074074074
[Iteration 129]: Train/AverageStepsPerSecond = 84.24063564739419
[Iteration 129]: Eval/NumEpisodes = 57
[Iteration 129]: Eval/AverageReturns = 18.210526315789473
[Iteration 130]: Train/NumEpisodes = 108
[Iteration 130]: Train/AverageReturns = 16.537037037037038
[Iteration 130]: Train/AverageStepsPerSecond = 84.5190266629482
[Iteration 130]: Eval/NumEpisodes = 50
[Iteration 130]: Eval/AverageReturns = 15.12
[Iteration 131]: Train/NumEpisodes = 106
[Iteration 131]: Train/AverageReturns = 16.90566037735849
[Iteration 131]: Train/AverageStepsPerSecond = 84.06489683322877
[Iteration 131]: Eval/NumEpisodes = 55
[Iteration 131]: Eval/AverageReturns = 15.563636363636364
[Iteration 132]: Train/NumEpisodes = 111
[Iteration 132]: Train/AverageReturns = 17.423423423423422
[Iteration 132]: Train/AverageStepsPerSecond = 83.9059294222245
[Iteration 132]: Eval/NumEpisodes = 59
[Iteration 132]: Eval/AverageReturns = 17.0
[Iteration 133]: Train/NumEpisodes = 108
[Iteration 133]: Train/AverageReturns = 17.15740740740741
[Iteration 133]: Train/AverageStepsPerSecond = 84.08913628079027
[Iteration 133]: Eval/NumEpisodes = 57
[Iteration 133]: Eval/AverageReturns = 17.842105263157894
[Iteration 134]: Train/NumEpisodes = 109
[Iteration 134]: Train/AverageReturns = 17.458715596330276
[Iteration 134]: Train/AverageStepsPerSecond = 83.63876440788077
[Iteration 134]: Eval/NumEpisodes = 55
[Iteration 134]: Eval/AverageReturns = 17.072727272727274
[Iteration 135]: Train/NumEpisodes = 109
[Iteration 135]: Train/AverageReturns = 17.53211009174312
[Iteration 135]: Train/AverageStepsPerSecond = 84.38695657080844
[Iteration 135]: Eval/NumEpisodes = 55
[Iteration 135]: Eval/AverageReturns = 18.490909090909092
[Iteration 136]: Train/NumEpisodes = 108
[Iteration 136]: Train/AverageReturns = 16.97222222222222
[Iteration 136]: Train/AverageStepsPerSecond = 84.28781092085151
[Iteration 136]: Eval/NumEpisodes = 59
[Iteration 136]: Eval/AverageReturns = 18.23728813559322
[Iteration 137]: Train/NumEpisodes = 110
[Iteration 137]: Train/AverageReturns = 17.154545454545456
[Iteration 137]: Train/AverageStepsPerSecond = 84.20907677718758
[Iteration 137]: Eval/NumEpisodes = 50
[Iteration 137]: Eval/AverageReturns = 16.82
[Iteration 138]: Train/NumEpisodes = 112
[Iteration 138]: Train/AverageReturns = 17.491071428571427
[Iteration 138]: Train/AverageStepsPerSecond = 84.07502854776502
[Iteration 138]: Eval/NumEpisodes = 58
[Iteration 138]: Eval/AverageReturns = 18.413793103448278
[Iteration 139]: Train/NumEpisodes = 110
[Iteration 139]: Train/AverageReturns = 17.072727272727274
[Iteration 139]: Train/AverageStepsPerSecond = 83.9702007525129
[Iteration 139]: Eval/NumEpisodes = 62
[Iteration 139]: Eval/AverageReturns = 18.822580645161292
[Iteration 140]: Train/NumEpisodes = 110
[Iteration 140]: Train/AverageReturns = 17.2
[Iteration 140]: Train/AverageStepsPerSecond = 83.43956799037083
[Iteration 140]: Eval/NumEpisodes = 55
[Iteration 140]: Eval/AverageReturns = 16.8
[Iteration 141]: Train/NumEpisodes = 111
[Iteration 141]: Train/AverageReturns = 17.324324324324323
[Iteration 141]: Train/AverageStepsPerSecond = 84.17539215415252
[Iteration 141]: Eval/NumEpisodes = 57
[Iteration 141]: Eval/AverageReturns = 18.19298245614035
[Iteration 142]: Train/NumEpisodes = 112
[Iteration 142]: Train/AverageReturns = 17.741071428571427
[Iteration 142]: Train/AverageStepsPerSecond = 84.19080745994066
[Iteration 142]: Eval/NumEpisodes = 53
[Iteration 142]: Eval/AverageReturns = 15.69811320754717
[Iteration 143]: Train/NumEpisodes = 112
[Iteration 143]: Train/AverageReturns = 17.3125
[Iteration 143]: Train/AverageStepsPerSecond = 83.74520675965557
[Iteration 143]: Eval/NumEpisodes = 62
[Iteration 143]: Eval/AverageReturns = 18.306451612903224
[Iteration 144]: Train/NumEpisodes = 108
[Iteration 144]: Train/AverageReturns = 17.083333333333332
[Iteration 144]: Train/AverageStepsPerSecond = 83.86727276124269
[Iteration 144]: Eval/NumEpisodes = 60
[Iteration 144]: Eval/AverageReturns = 18.366666666666667
[Iteration 145]: Train/NumEpisodes = 113
[Iteration 145]: Train/AverageReturns = 17.47787610619469
[Iteration 145]: Train/AverageStepsPerSecond = 83.85050111611574
[Iteration 145]: Eval/NumEpisodes = 61
[Iteration 145]: Eval/AverageReturns = 18.868852459016395
[Iteration 146]: Train/NumEpisodes = 113
[Iteration 146]: Train/AverageReturns = 17.469026548672566
[Iteration 146]: Train/AverageStepsPerSecond = 83.83156219455331
[Iteration 146]: Eval/NumEpisodes = 57
[Iteration 146]: Eval/AverageReturns = 16.894736842105264
[Iteration 147]: Train/NumEpisodes = 116
[Iteration 147]: Train/AverageReturns = 18.103448275862068
[Iteration 147]: Train/AverageStepsPerSecond = 83.6636394792216
[Iteration 147]: Eval/NumEpisodes = 56
[Iteration 147]: Eval/AverageReturns = 16.321428571428573
[Iteration 148]: Train/NumEpisodes = 112
[Iteration 148]: Train/AverageReturns = 17.517857142857142
[Iteration 148]: Train/AverageStepsPerSecond = 83.81019337640745
[Iteration 148]: Eval/NumEpisodes = 56
[Iteration 148]: Eval/AverageReturns = 17.839285714285715
[Iteration 149]: Train/NumEpisodes = 114
[Iteration 149]: Train/AverageReturns = 18.087719298245613
[Iteration 149]: Train/AverageStepsPerSecond = 83.35396131089111
[Iteration 149]: Eval/NumEpisodes = 59
[Iteration 149]: Eval/AverageReturns = 18.389830508474578
[Iteration 150]: Train/NumEpisodes = 115
[Iteration 150]: Train/AverageReturns = 17.860869565217392
[Iteration 150]: Train/AverageStepsPerSecond = 83.24341985762725
[Iteration 150]: Eval/NumEpisodes = 58
[Iteration 150]: Eval/AverageReturns = 17.948275862068964
[Iteration 151]: Train/NumEpisodes = 113
[Iteration 151]: Train/AverageReturns = 17.72566371681416
[Iteration 151]: Train/AverageStepsPerSecond = 83.0183515774581
[Iteration 151]: Eval/NumEpisodes = 64
[Iteration 151]: Eval/AverageReturns = 19.421875
[Iteration 152]: Train/NumEpisodes = 117
[Iteration 152]: Train/AverageReturns = 18.05128205128205
[Iteration 152]: Train/AverageStepsPerSecond = 83.63773075501298
[Iteration 152]: Eval/NumEpisodes = 62
[Iteration 152]: Eval/AverageReturns = 17.467741935483872
[Iteration 153]: Train/NumEpisodes = 115
[Iteration 153]: Train/AverageReturns = 17.869565217391305
[Iteration 153]: Train/AverageStepsPerSecond = 83.70659901917163
[Iteration 153]: Eval/NumEpisodes = 59
[Iteration 153]: Eval/AverageReturns = 17.661016949152543
[Iteration 154]: Train/NumEpisodes = 117
[Iteration 154]: Train/AverageReturns = 18.521367521367523
[Iteration 154]: Train/AverageStepsPerSecond = 83.57819625980633
[Iteration 154]: Eval/NumEpisodes = 64
[Iteration 154]: Eval/AverageReturns = 19.296875
[Iteration 155]: Train/NumEpisodes = 117
[Iteration 155]: Train/AverageReturns = 18.128205128205128
[Iteration 155]: Train/AverageStepsPerSecond = 83.54500357042173
[Iteration 155]: Eval/NumEpisodes = 59
[Iteration 155]: Eval/AverageReturns = 17.45762711864407
[Iteration 156]: Train/NumEpisodes = 113
[Iteration 156]: Train/AverageReturns = 17.761061946902654
[Iteration 156]: Train/AverageStepsPerSecond = 83.85028655222717
[Iteration 156]: Eval/NumEpisodes = 59
[Iteration 156]: Eval/AverageReturns = 18.423728813559322
[Iteration 157]: Train/NumEpisodes = 115
[Iteration 157]: Train/AverageReturns = 17.104347826086958
[Iteration 157]: Train/AverageStepsPerSecond = 82.34216863591033
[Iteration 157]: Eval/NumEpisodes = 64
[Iteration 157]: Eval/AverageReturns = 18.734375
[Iteration 158]: Train/NumEpisodes = 115
[Iteration 158]: Train/AverageReturns = 17.51304347826087
[Iteration 158]: Train/AverageStepsPerSecond = 83.77211009470413
[Iteration 158]: Eval/NumEpisodes = 53
[Iteration 158]: Eval/AverageReturns = 15.60377358490566
[Iteration 159]: Train/NumEpisodes = 118
[Iteration 159]: Train/AverageReturns = 17.677966101694917
[Iteration 159]: Train/AverageStepsPerSecond = 83.40302409336745
[Iteration 159]: Eval/NumEpisodes = 62
[Iteration 159]: Eval/AverageReturns = 18.129032258064516
[Iteration 160]: Train/NumEpisodes = 118
[Iteration 160]: Train/AverageReturns = 18.093220338983052
[Iteration 160]: Train/AverageStepsPerSecond = 84.18346540144138
[Iteration 160]: Eval/NumEpisodes = 63
[Iteration 160]: Eval/AverageReturns = 19.095238095238095
[Iteration 161]: Train/NumEpisodes = 119
[Iteration 161]: Train/AverageReturns = 18.10924369747899
[Iteration 161]: Train/AverageStepsPerSecond = 83.73290645138148
[Iteration 161]: Eval/NumEpisodes = 59
[Iteration 161]: Eval/AverageReturns = 18.508474576271187
[Iteration 162]: Train/NumEpisodes = 116
[Iteration 162]: Train/AverageReturns = 17.810344827586206
[Iteration 162]: Train/AverageStepsPerSecond = 83.97923594454313
[Iteration 162]: Eval/NumEpisodes = 55
[Iteration 162]: Eval/AverageReturns = 16.90909090909091
[Iteration 163]: Train/NumEpisodes = 116
[Iteration 163]: Train/AverageReturns = 17.42241379310345
[Iteration 163]: Train/AverageStepsPerSecond = 83.80250140772984
[Iteration 163]: Eval/NumEpisodes = 63
[Iteration 163]: Eval/AverageReturns = 16.523809523809526
[Iteration 164]: Train/NumEpisodes = 117
[Iteration 164]: Train/AverageReturns = 17.735042735042736
[Iteration 164]: Train/AverageStepsPerSecond = 83.41838305149669
[Iteration 164]: Eval/NumEpisodes = 66
[Iteration 164]: Eval/AverageReturns = 19.12121212121212
[Iteration 165]: Train/NumEpisodes = 118
[Iteration 165]: Train/AverageReturns = 17.822033898305083
[Iteration 165]: Train/AverageStepsPerSecond = 83.54430630598685
[Iteration 165]: Eval/NumEpisodes = 58
[Iteration 165]: Eval/AverageReturns = 18.362068965517242
[Iteration 166]: Train/NumEpisodes = 116
[Iteration 166]: Train/AverageReturns = 18.07758620689655
[Iteration 166]: Train/AverageStepsPerSecond = 83.91031006867742
[Iteration 166]: Eval/NumEpisodes = 66
[Iteration 166]: Eval/AverageReturns = 19.545454545454547
[Iteration 167]: Train/NumEpisodes = 119
[Iteration 167]: Train/AverageReturns = 18.30252100840336
[Iteration 167]: Train/AverageStepsPerSecond = 83.54070527368238
[Iteration 167]: Eval/NumEpisodes = 67
[Iteration 167]: Eval/AverageReturns = 19.44776119402985
[Iteration 168]: Train/NumEpisodes = 116
[Iteration 168]: Train/AverageReturns = 18.112068965517242
[Iteration 168]: Train/AverageStepsPerSecond = 83.0728214009673
[Iteration 168]: Eval/NumEpisodes = 65
[Iteration 168]: Eval/AverageReturns = 19.53846153846154
[Iteration 169]: Train/NumEpisodes = 118
[Iteration 169]: Train/AverageReturns = 18.305084745762713
[Iteration 169]: Train/AverageStepsPerSecond = 83.71149974403437
[Iteration 169]: Eval/NumEpisodes = 69
[Iteration 169]: Eval/AverageReturns = 19.869565217391305
[Iteration 170]: Train/NumEpisodes = 117
[Iteration 170]: Train/AverageReturns = 18.213675213675213
[Iteration 170]: Train/AverageStepsPerSecond = 83.5837513113138
[Iteration 170]: Eval/NumEpisodes = 66
[Iteration 170]: Eval/AverageReturns = 19.227272727272727
[Iteration 171]: Train/NumEpisodes = 120
[Iteration 171]: Train/AverageReturns = 18.308333333333334
[Iteration 171]: Train/AverageStepsPerSecond = 83.57536633648722
[Iteration 171]: Eval/NumEpisodes = 61
[Iteration 171]: Eval/AverageReturns = 18.737704918032787
[Iteration 172]: Train/NumEpisodes = 117
[Iteration 172]: Train/AverageReturns = 18.213675213675213
[Iteration 172]: Train/AverageStepsPerSecond = 83.79443646752995
[Iteration 172]: Eval/NumEpisodes = 51
[Iteration 172]: Eval/AverageReturns = 16.96078431372549
[Iteration 173]: Train/NumEpisodes = 114
[Iteration 173]: Train/AverageReturns = 17.50877192982456
[Iteration 173]: Train/AverageStepsPerSecond = 83.40531883427325
[Iteration 173]: Eval/NumEpisodes = 60
[Iteration 173]: Eval/AverageReturns = 18.833333333333332
[Iteration 174]: Train/NumEpisodes = 113
[Iteration 174]: Train/AverageReturns = 17.504424778761063
[Iteration 174]: Train/AverageStepsPerSecond = 84.06057678895434
[Iteration 174]: Eval/NumEpisodes = 62
[Iteration 174]: Eval/AverageReturns = 18.06451612903226
[Iteration 175]: Train/NumEpisodes = 116
[Iteration 175]: Train/AverageReturns = 18.29310344827586
[Iteration 175]: Train/AverageStepsPerSecond = 83.65805128966156
[Iteration 175]: Eval/NumEpisodes = 66
[Iteration 175]: Eval/AverageReturns = 19.227272727272727
[Iteration 176]: Train/NumEpisodes = 115
[Iteration 176]: Train/AverageReturns = 18.339130434782607
[Iteration 176]: Train/AverageStepsPerSecond = 83.58483697478954
[Iteration 176]: Eval/NumEpisodes = 64
[Iteration 176]: Eval/AverageReturns = 19.46875
[Iteration 177]: Train/NumEpisodes = 118
[Iteration 177]: Train/AverageReturns = 18.449152542372882
[Iteration 177]: Train/AverageStepsPerSecond = 83.76651032524818
[Iteration 177]: Eval/NumEpisodes = 64
[Iteration 177]: Eval/AverageReturns = 18.734375
[Iteration 178]: Train/NumEpisodes = 119
[Iteration 178]: Train/AverageReturns = 18.470588235294116
[Iteration 178]: Train/AverageStepsPerSecond = 83.54808912196953
[Iteration 178]: Eval/NumEpisodes = 62
[Iteration 178]: Eval/AverageReturns = 18.758064516129032
[Iteration 179]: Train/NumEpisodes = 118
[Iteration 179]: Train/AverageReturns = 18.406779661016948
[Iteration 179]: Train/AverageStepsPerSecond = 83.50390388251807
[Iteration 179]: Eval/NumEpisodes = 55
[Iteration 179]: Eval/AverageReturns = 18.69090909090909
[Iteration 180]: Train/NumEpisodes = 119
[Iteration 180]: Train/AverageReturns = 18.26890756302521
[Iteration 180]: Train/AverageStepsPerSecond = 83.38452181369169
[Iteration 180]: Eval/NumEpisodes = 59
[Iteration 180]: Eval/AverageReturns = 18.28813559322034
[Iteration 181]: Train/NumEpisodes = 115
[Iteration 181]: Train/AverageReturns = 17.452173913043477
[Iteration 181]: Train/AverageStepsPerSecond = 82.19259699661066
[Iteration 181]: Eval/NumEpisodes = 53
[Iteration 181]: Eval/AverageReturns = 16.88679245283019
[Iteration 182]: Train/NumEpisodes = 113
[Iteration 182]: Train/AverageReturns = 17.424778761061948
[Iteration 182]: Train/AverageStepsPerSecond = 84.04569033679148
[Iteration 182]: Eval/NumEpisodes = 61
[Iteration 182]: Eval/AverageReturns = 18.885245901639344
[Iteration 183]: Train/NumEpisodes = 117
[Iteration 183]: Train/AverageReturns = 17.846153846153847
[Iteration 183]: Train/AverageStepsPerSecond = 84.0463600345917
[Iteration 183]: Eval/NumEpisodes = 64
[Iteration 183]: Eval/AverageReturns = 18.9375
[Iteration 184]: Train/NumEpisodes = 118
[Iteration 184]: Train/AverageReturns = 18.576271186440678
[Iteration 184]: Train/AverageStepsPerSecond = 83.56576295565013
[Iteration 184]: Eval/NumEpisodes = 48
[Iteration 184]: Eval/AverageReturns = 17.333333333333332
[Iteration 185]: Train/NumEpisodes = 117
[Iteration 185]: Train/AverageReturns = 18.23931623931624
[Iteration 185]: Train/AverageStepsPerSecond = 83.92811899948731
[Iteration 185]: Eval/NumEpisodes = 61
[Iteration 185]: Eval/AverageReturns = 18.278688524590162
[Iteration 186]: Train/NumEpisodes = 116
[Iteration 186]: Train/AverageReturns = 17.982758620689655
[Iteration 186]: Train/AverageStepsPerSecond = 83.33715224165118
[Iteration 186]: Eval/NumEpisodes = 61
[Iteration 186]: Eval/AverageReturns = 19.147540983606557
[Iteration 187]: Train/NumEpisodes = 117
[Iteration 187]: Train/AverageReturns = 18.23076923076923
[Iteration 187]: Train/AverageStepsPerSecond = 83.15747610249797
[Iteration 187]: Eval/NumEpisodes = 55
[Iteration 187]: Eval/AverageReturns = 18.01818181818182
[Iteration 188]: Train/NumEpisodes = 117
[Iteration 188]: Train/AverageReturns = 18.273504273504273
[Iteration 188]: Train/AverageStepsPerSecond = 84.09512625327228
[Iteration 188]: Eval/NumEpisodes = 58
[Iteration 188]: Eval/AverageReturns = 18.20689655172414
[Iteration 189]: Train/NumEpisodes = 120
[Iteration 189]: Train/AverageReturns = 18.516666666666666
[Iteration 189]: Train/AverageStepsPerSecond = 83.94677494988653
[Iteration 189]: Eval/NumEpisodes = 56
[Iteration 189]: Eval/AverageReturns = 18.071428571428573
[Iteration 190]: Train/NumEpisodes = 112
[Iteration 190]: Train/AverageReturns = 17.8125
[Iteration 190]: Train/AverageStepsPerSecond = 83.92029381396384
[Iteration 190]: Eval/NumEpisodes = 65
[Iteration 190]: Eval/AverageReturns = 19.107692307692307
[Iteration 191]: Train/NumEpisodes = 112
[Iteration 191]: Train/AverageReturns = 17.973214285714285
[Iteration 191]: Train/AverageStepsPerSecond = 83.72987546756114
[Iteration 191]: Eval/NumEpisodes = 58
[Iteration 191]: Eval/AverageReturns = 19.06896551724138
[Iteration 192]: Train/NumEpisodes = 117
[Iteration 192]: Train/AverageReturns = 18.213675213675213
[Iteration 192]: Train/AverageStepsPerSecond = 83.98886355358137
[Iteration 192]: Eval/NumEpisodes = 64
[Iteration 192]: Eval/AverageReturns = 19.84375
[Iteration 193]: Train/NumEpisodes = 115
[Iteration 193]: Train/AverageReturns = 17.991304347826087
[Iteration 193]: Train/AverageStepsPerSecond = 83.96391222356151
[Iteration 193]: Eval/NumEpisodes = 51
[Iteration 193]: Eval/AverageReturns = 18.470588235294116
[Iteration 194]: Train/NumEpisodes = 117
[Iteration 194]: Train/AverageReturns = 18.076923076923077
[Iteration 194]: Train/AverageStepsPerSecond = 82.63811356433989
[Iteration 194]: Eval/NumEpisodes = 63
[Iteration 194]: Eval/AverageReturns = 18.841269841269842
[Iteration 195]: Train/NumEpisodes = 113
[Iteration 195]: Train/AverageReturns = 17.716814159292035
[Iteration 195]: Train/AverageStepsPerSecond = 82.45790974984712
[Iteration 195]: Eval/NumEpisodes = 54
[Iteration 195]: Eval/AverageReturns = 18.074074074074073
[Iteration 196]: Train/NumEpisodes = 117
[Iteration 196]: Train/AverageReturns = 18.23931623931624
[Iteration 196]: Train/AverageStepsPerSecond = 83.43871711966071
[Iteration 196]: Eval/NumEpisodes = 60
[Iteration 196]: Eval/AverageReturns = 18.883333333333333
[Iteration 197]: Train/NumEpisodes = 117
[Iteration 197]: Train/AverageReturns = 18.299145299145298
[Iteration 197]: Train/AverageStepsPerSecond = 83.67332892994587
[Iteration 197]: Eval/NumEpisodes = 57
[Iteration 197]: Eval/AverageReturns = 18.333333333333332
[Iteration 198]: Train/NumEpisodes = 118
[Iteration 198]: Train/AverageReturns = 18.296610169491526
[Iteration 198]: Train/AverageStepsPerSecond = 83.82370020811088
[Iteration 198]: Eval/NumEpisodes = 63
[Iteration 198]: Eval/AverageReturns = 18.80952380952381
[Iteration 199]: Train/NumEpisodes = 115
[Iteration 199]: Train/AverageReturns = 18.26086956521739
[Iteration 199]: Train/AverageStepsPerSecond = 84.49490311116601
[Iteration 199]: Eval/NumEpisodes = 61
[Iteration 199]: Eval/AverageReturns = 18.901639344262296
